<?xml version="1.0" encoding="UTF-8"?>
<!-- Generated by org.testng.reporters.JUnitReportReporter -->
<testsuite hostname="DESKTOP-GQFL59H" failures="0" tests="1" name="com.seleniumtest.seleniumtest.googletest" time="11.761" errors="0" timestamp="12 Sep 2021 13:46:57 GMT" skipped="0">
  <testcase classname="com.seleniumtest.seleniumtest.googletest" name="testJbkTitle" time="11.761"/>
</testsuite> <!-- com.seleniumtest.seleniumtest.googletest -->
