<?xml version="1.0" encoding="UTF-8"?>
<!-- Generated by org.testng.reporters.JUnitReportReporter -->
<testsuite hostname="DESKTOP-GQFL59H" failures="0" tests="5" name="com.seleniumtest.seleniumtest.amazontest" time="15.970" errors="0" timestamp="12 Sep 2021 14:15:57 GMT" skipped="0">
  <testcase classname="com.seleniumtest.seleniumtest.amazontest" name="testJbkTitle" time="5.518"/>
  <testcase classname="com.seleniumtest.seleniumtest.amazontest" name="testJbkTitleInvalid" time="1.346"/>
  <testcase classname="com.seleniumtest.seleniumtest.amazontest" name="testJbkTitlesubmit" time="2.711"/>
  <testcase classname="com.seleniumtest.seleniumtest.amazontest" name="testJbkTitlecheck" time="0.315"/>
  <testcase classname="com.seleniumtest.seleniumtest.amazontest" name="testJbkTitlescroll" time="6.080"/>
</testsuite> <!-- com.seleniumtest.seleniumtest.amazontest -->
